<?xml version="1.0" encoding="UTF-8"?>
<testsuite xmlns:xsi="http://www.w3.org/2001/XMLSchema-instance" xsi:noNamespaceSchemaLocation="https://maven.apache.org/surefire/maven-surefire-plugin/xsd/surefire-test-report-3.0.xsd" version="3.0" name="com.homelab.bankapp.BankAccountTest" time="0.058" tests="1" errors="0" skipped="0" failures="0">
  <properties>
[...]
</properties>
  <testcase name="testTransferToSuccess" classname="com.homelab.bankapp.BankAccountTest" time="0.039">
    <system-out><![CDATA[Amount taken out. Remaining balance: 300.0
Deposited successfully. New balance: 300.0
Transferred 200.0 from Alice (1) to Bob (2)
]]></system-out>
  </testcase>
</testsuite>